<?xml version="1.0" encoding="UTF-8"?>
<testng-results skipped="1" failed="1" ignored="0" total="4" passed="2">
  <reporter-output>
  </reporter-output>
  <suite name="Suite" duration-ms="148461" started-at="2020-10-29T10:57:55Z" finished-at="2020-10-29T11:00:23Z">
    <groups>
      <group name="SmokeTest">
        <method signature="BuyHealthPolicyNegativeTest.testValidCustomerDetails(java.lang.String, java.lang.String, java.lang.String, java.lang.String, java.lang.String, java.lang.String)[pri:0, instance:com.selenium.tests.BuyHealthPolicyNegativeTest@47d9a273]" name="testValidCustomerDetails" class="com.selenium.tests.BuyHealthPolicyNegativeTest"/>
        <method signature="BuyHealthPolicyPositiveTest.testValidCustomerDetails(java.lang.String, java.lang.String, java.lang.String, java.lang.String, java.lang.String, java.lang.String)[pri:0, instance:com.selenium.tests.BuyHealthPolicyPositiveTest@54a7079e]" name="testValidCustomerDetails" class="com.selenium.tests.BuyHealthPolicyPositiveTest"/>
      </group> <!-- SmokeTest -->
    </groups>
    <test name="Test" duration-ms="148461" started-at="2020-10-29T10:57:55Z" finished-at="2020-10-29T11:00:23Z">
      <class name="com.selenium.tests.BuyHealthPolicyPositiveTest">
        <test-method status="PASS" signature="setUp()[pri:0, instance:com.selenium.tests.BuyHealthPolicyPositiveTest@54a7079e]" name="setUp" is-config="true" duration-ms="78085" started-at="2020-10-29T16:27:55Z" finished-at="2020-10-29T16:29:13Z">
          <reporter-output>
          </reporter-output>
        </test-method> <!-- setUp -->
        <test-method status="PASS" signature="testValidCustomerDetails(java.lang.String, java.lang.String, java.lang.String, java.lang.String, java.lang.String, java.lang.String)[pri:0, instance:com.selenium.tests.BuyHealthPolicyPositiveTest@54a7079e]" name="testValidCustomerDetails" duration-ms="21154" started-at="2020-10-29T16:29:13Z" description="To Buy a new health policy" data-provider="healthPolicyData" finished-at="2020-10-29T16:29:34Z">
          <params>
            <param index="0">
              <value>
                <![CDATA[06/07/1995]]>
              </value>
            </param>
            <param index="1">
              <value>
                <![CDATA[8.888888888E9]]>
              </value>
            </param>
            <param index="2">
              <value>
                <![CDATA[Rohit Ranjan]]>
              </value>
            </param>
            <param index="3">
              <value>
                <![CDATA[8.888888888E9]]>
              </value>
            </param>
            <param index="4">
              <value>
                <![CDATA[xyz@gmail.com]]>
              </value>
            </param>
            <param index="5">
              <value>
                <![CDATA[Just A Few Details Before You Pay]]>
              </value>
            </param>
          </params>
          <reporter-output>
          </reporter-output>
        </test-method> <!-- testValidCustomerDetails -->
        <test-method status="PASS" signature="tearDown(org.testng.ITestResult)[pri:0, instance:com.selenium.tests.BuyHealthPolicyPositiveTest@54a7079e]" name="tearDown" is-config="true" duration-ms="584" started-at="2020-10-29T16:29:34Z" finished-at="2020-10-29T16:29:35Z">
          <params>
            <param index="0">
              <value>
                <![CDATA[[TestResult name=testValidCustomerDetails status=SUCCESS method=BuyHealthPolicyPositiveTest.testValidCustomerDetails(java.lang.String, java.lang.String, java.lang.String, java.lang.String, java.lang.String, java.lang.String)[pri:0, instance:com.selenium.tests.BuyHealthPolicyPositiveTest@54a7079e] output={null}]]]>
              </value>
            </param>
          </params>
          <reporter-output>
          </reporter-output>
        </test-method> <!-- tearDown -->
        <test-method status="PASS" signature="proceedToPay()[pri:0, instance:com.selenium.tests.BuyHealthPolicyPositiveTest@54a7079e]" name="proceedToPay" duration-ms="761" started-at="2020-10-29T16:29:35Z" description="Proceed to pay" depends-on-methods="com.selenium.tests.BuyHealthPolicyPositiveTest.testValidCustomerDetails" finished-at="2020-10-29T16:29:35Z">
          <reporter-output>
          </reporter-output>
        </test-method> <!-- proceedToPay -->
        <test-method status="PASS" signature="tearDown(org.testng.ITestResult)[pri:0, instance:com.selenium.tests.BuyHealthPolicyPositiveTest@54a7079e]" name="tearDown" is-config="true" duration-ms="160" started-at="2020-10-29T16:29:35Z" finished-at="2020-10-29T16:29:36Z">
          <params>
            <param index="0">
              <value>
                <![CDATA[[TestResult name=proceedToPay status=SUCCESS method=BuyHealthPolicyPositiveTest.proceedToPay()[pri:0, instance:com.selenium.tests.BuyHealthPolicyPositiveTest@54a7079e] output={null}]]]>
              </value>
            </param>
          </params>
          <reporter-output>
          </reporter-output>
        </test-method> <!-- tearDown -->
        <test-method status="PASS" signature="closeBrowser()[pri:0, instance:com.selenium.tests.BuyHealthPolicyPositiveTest@54a7079e]" name="closeBrowser" is-config="true" duration-ms="1145" started-at="2020-10-29T16:29:36Z" finished-at="2020-10-29T16:29:37Z">
          <reporter-output>
          </reporter-output>
        </test-method> <!-- closeBrowser -->
      </class> <!-- com.selenium.tests.BuyHealthPolicyPositiveTest -->
      <class name="com.selenium.tests.BuyHealthPolicyNegativeTest">
        <test-method status="PASS" signature="setUp()[pri:0, instance:com.selenium.tests.BuyHealthPolicyNegativeTest@47d9a273]" name="setUp" is-config="true" duration-ms="22617" started-at="2020-10-29T16:29:37Z" finished-at="2020-10-29T16:29:59Z">
          <reporter-output>
          </reporter-output>
        </test-method> <!-- setUp -->
        <test-method status="FAIL" signature="testValidCustomerDetails(java.lang.String, java.lang.String, java.lang.String, java.lang.String, java.lang.String, java.lang.String)[pri:0, instance:com.selenium.tests.BuyHealthPolicyNegativeTest@47d9a273]" name="testValidCustomerDetails" duration-ms="22192" started-at="2020-10-29T16:29:59Z" description="To Buy a new health policy" data-provider="healthPolicyData" finished-at="2020-10-29T16:30:22Z">
          <params>
            <param index="0">
              <value>
                <![CDATA[06/07/1995]]>
              </value>
            </param>
            <param index="1">
              <value>
                <![CDATA[8.888888888E9]]>
              </value>
            </param>
            <param index="2">
              <value>
                <![CDATA[Rohit Ranjan]]>
              </value>
            </param>
            <param index="3">
              <value>
                <![CDATA[8.888888888E9]]>
              </value>
            </param>
            <param index="4">
              <value>
                <![CDATA[xyz@gmail.com]]>
              </value>
            </param>
            <param index="5">
              <value>
                <![CDATA[Just A Few More Details Before You Pay]]>
              </value>
            </param>
          </params>
          <exception class="java.lang.AssertionError">
            <message>
              <![CDATA[expected [Just A Few More Details Before You Pay] but found [Just A Few Details Before You Pay]]]>
            </message>
            <full-stacktrace>
              <![CDATA[java.lang.AssertionError: expected [Just A Few More Details Before You Pay] but found [Just A Few Details Before You Pay]
	at org.testng.Assert.fail(Assert.java:93)
	at org.testng.Assert.failNotEquals(Assert.java:512)
	at org.testng.Assert.assertEqualsImpl(Assert.java:134)
	at org.testng.Assert.assertEquals(Assert.java:115)
	at org.testng.Assert.assertEquals(Assert.java:189)
	at org.testng.Assert.assertEquals(Assert.java:199)
	at com.selenium.tests.BuyHealthPolicyNegativeTest.testValidCustomerDetails(BuyHealthPolicyNegativeTest.java:110)
	at sun.reflect.NativeMethodAccessorImpl.invoke0(Native Method)
	at sun.reflect.NativeMethodAccessorImpl.invoke(NativeMethodAccessorImpl.java:62)
	at sun.reflect.DelegatingMethodAccessorImpl.invoke(DelegatingMethodAccessorImpl.java:43)
	at java.lang.reflect.Method.invoke(Method.java:498)
	at org.testng.internal.MethodInvocationHelper.invokeMethod(MethodInvocationHelper.java:108)
	at org.testng.internal.Invoker.invokeMethod(Invoker.java:661)
	at org.testng.internal.Invoker.invokeTestMethod(Invoker.java:869)
	at org.testng.internal.Invoker.invokeTestMethods(Invoker.java:1193)
	at org.testng.internal.TestMethodWorker.invokeTestMethods(TestMethodWorker.java:126)
	at org.testng.internal.TestMethodWorker.run(TestMethodWorker.java:109)
	at org.testng.TestRunner.privateRun(TestRunner.java:744)
	at org.testng.TestRunner.run(TestRunner.java:602)
	at org.testng.SuiteRunner.runTest(SuiteRunner.java:380)
	at org.testng.SuiteRunner.runSequentially(SuiteRunner.java:375)
	at org.testng.SuiteRunner.privateRun(SuiteRunner.java:340)
	at org.testng.SuiteRunner.run(SuiteRunner.java:289)
	at org.testng.SuiteRunnerWorker.runSuite(SuiteRunnerWorker.java:52)
	at org.testng.SuiteRunnerWorker.run(SuiteRunnerWorker.java:86)
	at org.testng.TestNG.runSuitesSequentially(TestNG.java:1301)
	at org.testng.TestNG.runSuitesLocally(TestNG.java:1226)
	at org.testng.TestNG.runSuites(TestNG.java:1144)
	at org.testng.TestNG.run(TestNG.java:1115)
	at org.testng.remote.AbstractRemoteTestNG.run(AbstractRemoteTestNG.java:115)
	at org.testng.remote.RemoteTestNG.initAndRun(RemoteTestNG.java:251)
	at org.testng.remote.RemoteTestNG.main(RemoteTestNG.java:77)
]]>
            </full-stacktrace>
          </exception> <!-- java.lang.AssertionError -->
          <reporter-output>
          </reporter-output>
        </test-method> <!-- testValidCustomerDetails -->
        <test-method status="PASS" signature="tearDown(org.testng.ITestResult)[pri:0, instance:com.selenium.tests.BuyHealthPolicyNegativeTest@47d9a273]" name="tearDown" is-config="true" duration-ms="562" started-at="2020-10-29T16:30:22Z" finished-at="2020-10-29T16:30:22Z">
          <params>
            <param index="0">
              <value>
                <![CDATA[[TestResult name=testValidCustomerDetails status=FAILURE method=BuyHealthPolicyNegativeTest.testValidCustomerDetails(java.lang.String, java.lang.String, java.lang.String, java.lang.String, java.lang.String, java.lang.String)[pri:0, instance:com.selenium.tests.BuyHealthPolicyNegativeTest@47d9a273] output={null}]]]>
              </value>
            </param>
          </params>
          <reporter-output>
          </reporter-output>
        </test-method> <!-- tearDown -->
        <test-method status="SKIP" signature="proceedToPay()[pri:0, instance:com.selenium.tests.BuyHealthPolicyNegativeTest@47d9a273]" name="proceedToPay" duration-ms="0" started-at="2020-10-29T16:30:22Z" description="proceed to payment" depends-on-methods="com.selenium.tests.BuyHealthPolicyNegativeTest.testValidCustomerDetails" finished-at="2020-10-29T16:30:22Z">
          <exception class="java.lang.Throwable">
            <message>
              <![CDATA[Method BuyHealthPolicyNegativeTest.proceedToPay()[pri:0, instance:com.selenium.tests.BuyHealthPolicyNegativeTest@47d9a273] depends on not successfully finished methods]]>
            </message>
            <full-stacktrace>
              <![CDATA[java.lang.Throwable: Method BuyHealthPolicyNegativeTest.proceedToPay()[pri:0, instance:com.selenium.tests.BuyHealthPolicyNegativeTest@47d9a273] depends on not successfully finished methods
	at org.testng.internal.Invoker.invokeTestMethods(Invoker.java:1084)
	at org.testng.internal.TestMethodWorker.invokeTestMethods(TestMethodWorker.java:126)
	at org.testng.internal.TestMethodWorker.run(TestMethodWorker.java:109)
	at org.testng.TestRunner.privateRun(TestRunner.java:744)
	at org.testng.TestRunner.run(TestRunner.java:602)
	at org.testng.SuiteRunner.runTest(SuiteRunner.java:380)
	at org.testng.SuiteRunner.runSequentially(SuiteRunner.java:375)
	at org.testng.SuiteRunner.privateRun(SuiteRunner.java:340)
	at org.testng.SuiteRunner.run(SuiteRunner.java:289)
	at org.testng.SuiteRunnerWorker.runSuite(SuiteRunnerWorker.java:52)
	at org.testng.SuiteRunnerWorker.run(SuiteRunnerWorker.java:86)
	at org.testng.TestNG.runSuitesSequentially(TestNG.java:1301)
	at org.testng.TestNG.runSuitesLocally(TestNG.java:1226)
	at org.testng.TestNG.runSuites(TestNG.java:1144)
	at org.testng.TestNG.run(TestNG.java:1115)
	at org.testng.remote.AbstractRemoteTestNG.run(AbstractRemoteTestNG.java:115)
	at org.testng.remote.RemoteTestNG.initAndRun(RemoteTestNG.java:251)
	at org.testng.remote.RemoteTestNG.main(RemoteTestNG.java:77)
]]>
            </full-stacktrace>
          </exception> <!-- java.lang.Throwable -->
          <reporter-output>
          </reporter-output>
        </test-method> <!-- proceedToPay -->
        <test-method status="PASS" signature="closeBrowser()[pri:0, instance:com.selenium.tests.BuyHealthPolicyNegativeTest@47d9a273]" name="closeBrowser" is-config="true" duration-ms="1071" started-at="2020-10-29T16:30:22Z" finished-at="2020-10-29T16:30:23Z">
          <reporter-output>
          </reporter-output>
        </test-method> <!-- closeBrowser -->
      </class> <!-- com.selenium.tests.BuyHealthPolicyNegativeTest -->
    </test> <!-- Test -->
  </suite> <!-- Suite -->
</testng-results>
