<?xml version="1.0" encoding="UTF-8"?>
<!-- Generated by org.testng.reporters.JUnitXMLReporter -->
<testsuite hostname="JAIHANUMAN" ignored="0" name="Command line test" tests="4" failures="1" timestamp="29 Oct 2020 09:11:20 GMT" time="90.001" errors="0">
  <testcase name="testValidCustomerDetails" time="21.609" classname="com.selenium.tests.BuyHealthPolicyNegativeTest">
    <failure type="java.lang.AssertionError" message="expected [Just A Few More Details Before You Pay] but found [Just A Few Details Before You Pay]">
      <![CDATA[java.lang.AssertionError: expected [Just A Few More Details Before You Pay] but found [Just A Few Details Before You Pay]
	at com.selenium.tests.BuyHealthPolicyNegativeTest.testValidCustomerDetails(BuyHealthPolicyNegativeTest.java:110)
... Removed 41 stack frames]]>
    </failure>
  </testcase> <!-- testValidCustomerDetails -->
  <testcase name="proceedToPay" time="0.0" classname="com.selenium.tests.BuyHealthPolicyNegativeTest">
    <skipped/>
  </testcase> <!-- proceedToPay -->
  <testcase name="testValidCustomerDetails" time="20.947" classname="com.selenium.tests.BuyHealthPolicyPositiveTest"/>
  <testcase name="proceedToPay" time="0.684" classname="com.selenium.tests.BuyHealthPolicyPositiveTest"/>
</testsuite> <!-- Command line test -->
