<?xml version="1.0" encoding="UTF-8"?>
<testng-results skipped="1" failed="1" ignored="0" total="4" passed="2">
  <reporter-output>
  </reporter-output>
  <suite name="Command line suite" duration-ms="90001" started-at="2020-10-29T09:09:50Z" finished-at="2020-10-29T09:11:20Z">
    <groups>
      <group name="SmokeTest">
        <method signature="BuyHealthPolicyNegativeTest.testValidCustomerDetails(java.lang.String, java.lang.String, java.lang.String, java.lang.String, java.lang.String, java.lang.String)[pri:0, instance:com.selenium.tests.BuyHealthPolicyNegativeTest@243c4f91]" name="testValidCustomerDetails" class="com.selenium.tests.BuyHealthPolicyNegativeTest"/>
        <method signature="BuyHealthPolicyPositiveTest.testValidCustomerDetails(java.lang.String, java.lang.String, java.lang.String, java.lang.String, java.lang.String, java.lang.String)[pri:0, instance:com.selenium.tests.BuyHealthPolicyPositiveTest@61df66b6]" name="testValidCustomerDetails" class="com.selenium.tests.BuyHealthPolicyPositiveTest"/>
      </group> <!-- SmokeTest -->
    </groups>
    <test name="Command line test" duration-ms="90001" started-at="2020-10-29T09:09:50Z" finished-at="2020-10-29T09:11:20Z">
      <class name="com.selenium.tests.BuyHealthPolicyPositiveTest">
        <test-method status="PASS" signature="setUp()[pri:0, instance:com.selenium.tests.BuyHealthPolicyPositiveTest@61df66b6]" name="setUp" is-config="true" duration-ms="21883" started-at="2020-10-29T14:40:35Z" finished-at="2020-10-29T14:40:57Z">
          <reporter-output>
          </reporter-output>
        </test-method> <!-- setUp -->
        <test-method status="PASS" signature="testValidCustomerDetails(java.lang.String, java.lang.String, java.lang.String, java.lang.String, java.lang.String, java.lang.String)[pri:0, instance:com.selenium.tests.BuyHealthPolicyPositiveTest@61df66b6]" name="testValidCustomerDetails" duration-ms="20947" started-at="2020-10-29T14:40:57Z" description="To Buy a new health policy" data-provider="healthPolicyData" finished-at="2020-10-29T14:41:18Z">
          <params>
            <param index="0">
              <value>
                <![CDATA[06/07/1995]]>
              </value>
            </param>
            <param index="1">
              <value>
                <![CDATA[8.888888888E9]]>
              </value>
            </param>
            <param index="2">
              <value>
                <![CDATA[Rohit Ranjan]]>
              </value>
            </param>
            <param index="3">
              <value>
                <![CDATA[8.888888888E9]]>
              </value>
            </param>
            <param index="4">
              <value>
                <![CDATA[xyz@gmail.com]]>
              </value>
            </param>
            <param index="5">
              <value>
                <![CDATA[Just A Few Details Before You Pay]]>
              </value>
            </param>
          </params>
          <reporter-output>
          </reporter-output>
        </test-method> <!-- testValidCustomerDetails -->
        <test-method status="PASS" signature="tearDown(org.testng.ITestResult)[pri:0, instance:com.selenium.tests.BuyHealthPolicyPositiveTest@61df66b6]" name="tearDown" is-config="true" duration-ms="130" started-at="2020-10-29T14:41:18Z" finished-at="2020-10-29T14:41:18Z">
          <params>
            <param index="0">
              <value>
                <![CDATA[[TestResult name=testValidCustomerDetails status=SUCCESS method=BuyHealthPolicyPositiveTest.testValidCustomerDetails(java.lang.String, java.lang.String, java.lang.String, java.lang.String, java.lang.String, java.lang.String)[pri:0, instance:com.selenium.tests.BuyHealthPolicyPositiveTest@61df66b6] output={null}]]]>
              </value>
            </param>
          </params>
          <reporter-output>
          </reporter-output>
        </test-method> <!-- tearDown -->
        <test-method status="PASS" signature="proceedToPay()[pri:0, instance:com.selenium.tests.BuyHealthPolicyPositiveTest@61df66b6]" name="proceedToPay" duration-ms="684" started-at="2020-10-29T14:41:18Z" description="Proceed to pay" depends-on-methods="com.selenium.tests.BuyHealthPolicyPositiveTest.testValidCustomerDetails" finished-at="2020-10-29T14:41:19Z">
          <reporter-output>
          </reporter-output>
        </test-method> <!-- proceedToPay -->
        <test-method status="PASS" signature="tearDown(org.testng.ITestResult)[pri:0, instance:com.selenium.tests.BuyHealthPolicyPositiveTest@61df66b6]" name="tearDown" is-config="true" duration-ms="93" started-at="2020-10-29T14:41:19Z" finished-at="2020-10-29T14:41:19Z">
          <params>
            <param index="0">
              <value>
                <![CDATA[[TestResult name=proceedToPay status=SUCCESS method=BuyHealthPolicyPositiveTest.proceedToPay()[pri:0, instance:com.selenium.tests.BuyHealthPolicyPositiveTest@61df66b6] output={null}]]]>
              </value>
            </param>
          </params>
          <reporter-output>
          </reporter-output>
        </test-method> <!-- tearDown -->
        <test-method status="PASS" signature="closeBrowser()[pri:0, instance:com.selenium.tests.BuyHealthPolicyPositiveTest@61df66b6]" name="closeBrowser" is-config="true" duration-ms="1079" started-at="2020-10-29T14:41:19Z" finished-at="2020-10-29T14:41:20Z">
          <reporter-output>
          </reporter-output>
        </test-method> <!-- closeBrowser -->
      </class> <!-- com.selenium.tests.BuyHealthPolicyPositiveTest -->
      <class name="com.selenium.tests.BuyHealthPolicyNegativeTest">
        <test-method status="PASS" signature="setUp()[pri:0, instance:com.selenium.tests.BuyHealthPolicyNegativeTest@243c4f91]" name="setUp" is-config="true" duration-ms="21318" started-at="2020-10-29T14:39:50Z" finished-at="2020-10-29T14:40:11Z">
          <reporter-output>
          </reporter-output>
        </test-method> <!-- setUp -->
        <test-method status="FAIL" signature="testValidCustomerDetails(java.lang.String, java.lang.String, java.lang.String, java.lang.String, java.lang.String, java.lang.String)[pri:0, instance:com.selenium.tests.BuyHealthPolicyNegativeTest@243c4f91]" name="testValidCustomerDetails" duration-ms="21609" started-at="2020-10-29T14:40:12Z" description="To Buy a new health policy" data-provider="healthPolicyData" finished-at="2020-10-29T14:40:33Z">
          <params>
            <param index="0">
              <value>
                <![CDATA[06/07/1995]]>
              </value>
            </param>
            <param index="1">
              <value>
                <![CDATA[8.888888888E9]]>
              </value>
            </param>
            <param index="2">
              <value>
                <![CDATA[Rohit Ranjan]]>
              </value>
            </param>
            <param index="3">
              <value>
                <![CDATA[8.888888888E9]]>
              </value>
            </param>
            <param index="4">
              <value>
                <![CDATA[xyz@gmail.com]]>
              </value>
            </param>
            <param index="5">
              <value>
                <![CDATA[Just A Few More Details Before You Pay]]>
              </value>
            </param>
          </params>
          <exception class="java.lang.AssertionError">
            <message>
              <![CDATA[expected [Just A Few More Details Before You Pay] but found [Just A Few Details Before You Pay]]]>
            </message>
            <full-stacktrace>
              <![CDATA[java.lang.AssertionError: expected [Just A Few More Details Before You Pay] but found [Just A Few Details Before You Pay]
	at org.testng.Assert.fail(Assert.java:93)
	at org.testng.Assert.failNotEquals(Assert.java:512)
	at org.testng.Assert.assertEqualsImpl(Assert.java:134)
	at org.testng.Assert.assertEquals(Assert.java:115)
	at org.testng.Assert.assertEquals(Assert.java:189)
	at org.testng.Assert.assertEquals(Assert.java:199)
	at com.selenium.tests.BuyHealthPolicyNegativeTest.testValidCustomerDetails(BuyHealthPolicyNegativeTest.java:110)
	at sun.reflect.NativeMethodAccessorImpl.invoke0(Native Method)
	at sun.reflect.NativeMethodAccessorImpl.invoke(NativeMethodAccessorImpl.java:62)
	at sun.reflect.DelegatingMethodAccessorImpl.invoke(DelegatingMethodAccessorImpl.java:43)
	at java.lang.reflect.Method.invoke(Method.java:498)
	at org.testng.internal.MethodInvocationHelper.invokeMethod(MethodInvocationHelper.java:108)
	at org.testng.internal.Invoker.invokeMethod(Invoker.java:661)
	at org.testng.internal.Invoker.invokeTestMethod(Invoker.java:869)
	at org.testng.internal.Invoker.invokeTestMethods(Invoker.java:1193)
	at org.testng.internal.TestMethodWorker.invokeTestMethods(TestMethodWorker.java:126)
	at org.testng.internal.TestMethodWorker.run(TestMethodWorker.java:109)
	at org.testng.TestRunner.privateRun(TestRunner.java:744)
	at org.testng.TestRunner.run(TestRunner.java:602)
	at org.testng.SuiteRunner.runTest(SuiteRunner.java:380)
	at org.testng.SuiteRunner.runSequentially(SuiteRunner.java:375)
	at org.testng.SuiteRunner.privateRun(SuiteRunner.java:340)
	at org.testng.SuiteRunner.run(SuiteRunner.java:289)
	at org.testng.SuiteRunnerWorker.runSuite(SuiteRunnerWorker.java:52)
	at org.testng.SuiteRunnerWorker.run(SuiteRunnerWorker.java:86)
	at org.testng.TestNG.runSuitesSequentially(TestNG.java:1301)
	at org.testng.TestNG.runSuitesLocally(TestNG.java:1226)
	at org.testng.TestNG.runSuites(TestNG.java:1144)
	at org.testng.TestNG.run(TestNG.java:1115)
	at org.apache.maven.surefire.testng.TestNGExecutor.run(TestNGExecutor.java:77)
	at org.apache.maven.surefire.testng.TestNGDirectoryTestSuite.executeMulti(TestNGDirectoryTestSuite.java:159)
	at org.apache.maven.surefire.testng.TestNGDirectoryTestSuite.execute(TestNGDirectoryTestSuite.java:99)
	at org.apache.maven.surefire.testng.TestNGProvider.invoke(TestNGProvider.java:106)
	at sun.reflect.NativeMethodAccessorImpl.invoke0(Native Method)
	at sun.reflect.NativeMethodAccessorImpl.invoke(NativeMethodAccessorImpl.java:62)
	at sun.reflect.DelegatingMethodAccessorImpl.invoke(DelegatingMethodAccessorImpl.java:43)
	at java.lang.reflect.Method.invoke(Method.java:498)
	at org.apache.maven.surefire.util.ReflectionUtils.invokeMethodWithArray(ReflectionUtils.java:189)
	at org.apache.maven.surefire.booter.ProviderFactory$ProviderProxy.invoke(ProviderFactory.java:165)
	at org.apache.maven.surefire.booter.ProviderFactory.invokeProvider(ProviderFactory.java:85)
	at org.apache.maven.surefire.booter.ForkedBooter.runSuitesInProcess(ForkedBooter.java:115)
	at org.apache.maven.surefire.booter.ForkedBooter.main(ForkedBooter.java:75)
]]>
            </full-stacktrace>
          </exception> <!-- java.lang.AssertionError -->
          <reporter-output>
          </reporter-output>
        </test-method> <!-- testValidCustomerDetails -->
        <test-method status="PASS" signature="tearDown(org.testng.ITestResult)[pri:0, instance:com.selenium.tests.BuyHealthPolicyNegativeTest@243c4f91]" name="tearDown" is-config="true" duration-ms="906" started-at="2020-10-29T14:40:33Z" finished-at="2020-10-29T14:40:34Z">
          <params>
            <param index="0">
              <value>
                <![CDATA[[TestResult name=testValidCustomerDetails status=FAILURE method=BuyHealthPolicyNegativeTest.testValidCustomerDetails(java.lang.String, java.lang.String, java.lang.String, java.lang.String, java.lang.String, java.lang.String)[pri:0, instance:com.selenium.tests.BuyHealthPolicyNegativeTest@243c4f91] output={null}]]]>
              </value>
            </param>
          </params>
          <reporter-output>
          </reporter-output>
        </test-method> <!-- tearDown -->
        <test-method status="SKIP" signature="proceedToPay()[pri:0, instance:com.selenium.tests.BuyHealthPolicyNegativeTest@243c4f91]" name="proceedToPay" duration-ms="0" started-at="2020-10-29T14:40:34Z" description="proceed to payment" depends-on-methods="com.selenium.tests.BuyHealthPolicyNegativeTest.testValidCustomerDetails" finished-at="2020-10-29T14:40:34Z">
          <exception class="java.lang.Throwable">
            <message>
              <![CDATA[Method BuyHealthPolicyNegativeTest.proceedToPay()[pri:0, instance:com.selenium.tests.BuyHealthPolicyNegativeTest@243c4f91] depends on not successfully finished methods]]>
            </message>
            <full-stacktrace>
              <![CDATA[java.lang.Throwable: Method BuyHealthPolicyNegativeTest.proceedToPay()[pri:0, instance:com.selenium.tests.BuyHealthPolicyNegativeTest@243c4f91] depends on not successfully finished methods
	at org.testng.internal.Invoker.invokeTestMethods(Invoker.java:1084)
	at org.testng.internal.TestMethodWorker.invokeTestMethods(TestMethodWorker.java:126)
	at org.testng.internal.TestMethodWorker.run(TestMethodWorker.java:109)
	at org.testng.TestRunner.privateRun(TestRunner.java:744)
	at org.testng.TestRunner.run(TestRunner.java:602)
	at org.testng.SuiteRunner.runTest(SuiteRunner.java:380)
	at org.testng.SuiteRunner.runSequentially(SuiteRunner.java:375)
	at org.testng.SuiteRunner.privateRun(SuiteRunner.java:340)
	at org.testng.SuiteRunner.run(SuiteRunner.java:289)
	at org.testng.SuiteRunnerWorker.runSuite(SuiteRunnerWorker.java:52)
	at org.testng.SuiteRunnerWorker.run(SuiteRunnerWorker.java:86)
	at org.testng.TestNG.runSuitesSequentially(TestNG.java:1301)
	at org.testng.TestNG.runSuitesLocally(TestNG.java:1226)
	at org.testng.TestNG.runSuites(TestNG.java:1144)
	at org.testng.TestNG.run(TestNG.java:1115)
	at org.apache.maven.surefire.testng.TestNGExecutor.run(TestNGExecutor.java:77)
	at org.apache.maven.surefire.testng.TestNGDirectoryTestSuite.executeMulti(TestNGDirectoryTestSuite.java:159)
	at org.apache.maven.surefire.testng.TestNGDirectoryTestSuite.execute(TestNGDirectoryTestSuite.java:99)
	at org.apache.maven.surefire.testng.TestNGProvider.invoke(TestNGProvider.java:106)
	at sun.reflect.NativeMethodAccessorImpl.invoke0(Native Method)
	at sun.reflect.NativeMethodAccessorImpl.invoke(NativeMethodAccessorImpl.java:62)
	at sun.reflect.DelegatingMethodAccessorImpl.invoke(DelegatingMethodAccessorImpl.java:43)
	at java.lang.reflect.Method.invoke(Method.java:498)
	at org.apache.maven.surefire.util.ReflectionUtils.invokeMethodWithArray(ReflectionUtils.java:189)
	at org.apache.maven.surefire.booter.ProviderFactory$ProviderProxy.invoke(ProviderFactory.java:165)
	at org.apache.maven.surefire.booter.ProviderFactory.invokeProvider(ProviderFactory.java:85)
	at org.apache.maven.surefire.booter.ForkedBooter.runSuitesInProcess(ForkedBooter.java:115)
	at org.apache.maven.surefire.booter.ForkedBooter.main(ForkedBooter.java:75)
]]>
            </full-stacktrace>
          </exception> <!-- java.lang.Throwable -->
          <reporter-output>
          </reporter-output>
        </test-method> <!-- proceedToPay -->
        <test-method status="PASS" signature="closeBrowser()[pri:0, instance:com.selenium.tests.BuyHealthPolicyNegativeTest@243c4f91]" name="closeBrowser" is-config="true" duration-ms="1146" started-at="2020-10-29T14:40:34Z" finished-at="2020-10-29T14:40:35Z">
          <reporter-output>
          </reporter-output>
        </test-method> <!-- closeBrowser -->
      </class> <!-- com.selenium.tests.BuyHealthPolicyNegativeTest -->
    </test> <!-- Command line test -->
  </suite> <!-- Command line suite -->
</testng-results>
